2021-12-16 15:35:56,037 INFO o.s.b.StartupInfoLogger [main] Starting ApiApplication using Java 17 on fedora with PID 37591 (/home/adam.georgsson/IdeaProjects/HungryBoii/Api/target/classes started by adam.georgsson in /home/adam.georgsson/IdeaProjects/HungryBoii/Api)
2021-12-16 15:35:56,050 INFO o.s.b.SpringApplication [main] No active profile set, falling back to default profiles: default
2021-12-16 15:35:57,500 INFO o.s.b.w.e.t.TomcatWebServer [main] Tomcat initialized with port(s): 8080 (http)
2021-12-16 15:35:57,535 INFO o.a.j.l.DirectJDKLog [main] Initializing ProtocolHandler ["http-nio-8080"]
2021-12-16 15:35:57,537 INFO o.a.j.l.DirectJDKLog [main] Starting service [Tomcat]
2021-12-16 15:35:57,543 INFO o.a.j.l.DirectJDKLog [main] Starting Servlet engine: [Apache Tomcat/9.0.55]
2021-12-16 15:35:57,724 INFO o.a.j.l.DirectJDKLog [main] Initializing Spring embedded WebApplicationContext
2021-12-16 15:35:57,725 INFO o.s.b.w.s.c.ServletWebServerApplicationContext [main] Root WebApplicationContext: initialization completed in 1604 ms
2021-12-16 15:35:58,271 INFO o.a.j.l.DirectJDKLog [main] Starting ProtocolHandler ["http-nio-8080"]
2021-12-16 15:35:58,289 INFO o.s.b.w.e.t.TomcatWebServer [main] Tomcat started on port(s): 8080 (http) with context path ''
2021-12-16 15:35:58,300 INFO o.s.b.StartupInfoLogger [main] Started ApiApplication in 2.993 seconds (JVM running for 3.897)
2021-12-16 15:35:58,308 INFO c.g.h.h.a.m.a.ListingManager [main] RestaurantManager registered: Futurum
2021-12-16 15:35:58,309 INFO c.g.h.h.a.m.a.ListingManager [main] RestaurantManager registered: Östergatans restaurang
2021-12-16 15:35:58,310 INFO c.g.h.h.a.m.a.ListingManager [main] RestaurantManager registered: Kök 11
2021-12-16 15:35:58,312 INFO c.g.h.h.a.m.a.ListingManager [main] RestaurantManager registered: Vida Arena
2021-12-16 15:35:58,313 INFO c.g.h.h.a.ApiApplication [main] hello
2021-12-16 15:35:58,316 INFO c.g.h.h.a.w.MenuGatherer [main] Scheduling worker to refresh restaurant menus every 10 minutess
2021-12-16 15:35:58,316 INFO c.g.h.h.a.w.MenuGatherer [main] Worker started
2021-12-16 15:35:58,319 INFO c.g.h.h.a.w.MenuGatherer [pool-2-thread-1] Refreshing menu for Kök 11
2021-12-16 15:35:58,321 INFO c.g.h.h.a.w.MenuGatherer [ForkJoinPool.commonPool-worker-3] Refreshing menu for Futurum
2021-12-16 15:35:58,321 INFO c.g.h.h.a.w.MenuGatherer [ForkJoinPool.commonPool-worker-1] Refreshing menu for Östergatans restaurang
2021-12-16 15:35:58,320 INFO c.g.h.h.a.w.MenuGatherer [ForkJoinPool.commonPool-worker-2] Refreshing menu for Vida Arena
2021-12-16 15:35:58,946 INFO c.g.h.h.a.d.r.i.Kok11 [pool-2-thread-1] Gött
2021-12-16 15:36:04,022 INFO o.a.j.l.DirectJDKLog [http-nio-8080-exec-1] Initializing Spring DispatcherServlet 'dispatcherServlet'
2021-12-16 15:36:04,023 INFO o.s.w.s.FrameworkServlet [http-nio-8080-exec-1] Initializing Servlet 'dispatcherServlet'
2021-12-16 15:36:04,024 INFO o.s.w.s.FrameworkServlet [http-nio-8080-exec-1] Completed initialization in 1 ms
